2017-11-03 15:59:26.141 [main] INFO  o.s.t.c.support.DefaultTestContextBootstrapper - Loaded default TestExecutionListener class names from location [META-INF/spring.factories]: [org.springframework.test.context.web.ServletTestExecutionListener, org.springframework.test.context.support.DirtiesContextBeforeModesTestExecutionListener, org.springframework.test.context.support.DependencyInjectionTestExecutionListener, org.springframework.test.context.support.DirtiesContextTestExecutionListener, org.springframework.test.context.transaction.TransactionalTestExecutionListener, org.springframework.test.context.jdbc.SqlScriptsTestExecutionListener]
2017-11-03 15:59:26.186 [main] INFO  o.s.t.c.support.DefaultTestContextBootstrapper - Using TestExecutionListeners: [org.springframework.test.context.web.ServletTestExecutionListener@33cb5951, org.springframework.test.context.support.DirtiesContextBeforeModesTestExecutionListener@365c30cc, org.springframework.test.context.support.DependencyInjectionTestExecutionListener@701fc37a, org.springframework.test.context.support.DirtiesContextTestExecutionListener@4148db48, org.springframework.test.context.transaction.TransactionalTestExecutionListener@282003e1, org.springframework.test.context.jdbc.SqlScriptsTestExecutionListener@7fad8c79]
2017-11-03 15:59:26.347 [main] INFO  o.s.beans.factory.xml.XmlBeanDefinitionReader - Loading XML bean definitions from class path resource [applicationContext.xml]
2017-11-03 15:59:28.035 [main] INFO  o.s.context.support.GenericApplicationContext - Refreshing org.springframework.context.support.GenericApplicationContext@770c2e6b: startup date [Fri Nov 03 15:59:28 CST 2017]; root of context hierarchy
2017-11-03 15:59:29.712 [main] INFO  org.hibernate.annotations.common.Version - HCANN000001: Hibernate Commons Annotations {4.0.2.Final}
2017-11-03 15:59:29.719 [main] INFO  org.hibernate.Version - HHH000412: Hibernate Core {4.2.14.Final}
2017-11-03 15:59:29.722 [main] INFO  org.hibernate.cfg.Environment - HHH000206: hibernate.properties not found
2017-11-03 15:59:29.724 [main] INFO  org.hibernate.cfg.Environment - HHH000021: Bytecode provider name : javassist
2017-11-03 15:59:30.533 [main] INFO  org.hibernate.dialect.Dialect - HHH000400: Using dialect: org.hibernate.dialect.MySQL5InnoDBDialect
2017-11-03 15:59:30.550 [main] INFO  o.hibernate.engine.jdbc.internal.LobCreatorBuilder - HHH000424: Disabling contextual LOB creation as createClob() method threw error : java.lang.reflect.InvocationTargetException
2017-11-03 15:59:30.843 [main] INFO  o.h.e.t.internal.TransactionFactoryInitiator - HHH000399: Using default transaction strategy (direct JDBC transactions)
2017-11-03 15:59:30.857 [main] INFO  o.h.hql.internal.ast.ASTQueryTranslatorFactory - HHH000397: Using ASTQueryTranslatorFactory
2017-11-03 15:59:30.859 [main] WARN  org.hibernate.cfg.SettingsFactory - Unrecognized value for "hibernate.hbm2ddl.auto": none
2017-11-03 15:59:30.942 [main] INFO  org.hibernate.validator.internal.util.Version - HV000001: Hibernate Validator 4.3.1.Final
2017-11-03 15:59:32.816 [main] DEBUG org.hibernate.SQL - insert into user_del (id,login_name,password,realname,idcardno,enter_school_time,telphone,guardian_name,sex,birthday,create_time,user_type,del_time) (select id,login_name,password,realname,idcardno,enter_school_time,telphone,guardian_name,sex,birthday,create_time,user_type,now() from user where id in (1004,1005,1006,1007,1008,1009))
2017-11-03 15:59:32.878 [main] DEBUG org.hibernate.SQL - update user set status=0 where id in (1004,1005,1006,1007,1008,1009)
2017-11-03 15:59:32.900 [Thread-5] INFO  o.s.context.support.GenericApplicationContext - Closing org.springframework.context.support.GenericApplicationContext@770c2e6b: startup date [Fri Nov 03 15:59:28 CST 2017]; root of context hierarchy
2017-11-03 16:01:12.872 [main] INFO  o.s.t.c.support.DefaultTestContextBootstrapper - Loaded default TestExecutionListener class names from location [META-INF/spring.factories]: [org.springframework.test.context.web.ServletTestExecutionListener, org.springframework.test.context.support.DirtiesContextBeforeModesTestExecutionListener, org.springframework.test.context.support.DependencyInjectionTestExecutionListener, org.springframework.test.context.support.DirtiesContextTestExecutionListener, org.springframework.test.context.transaction.TransactionalTestExecutionListener, org.springframework.test.context.jdbc.SqlScriptsTestExecutionListener]
2017-11-03 16:01:12.904 [main] INFO  o.s.t.c.support.DefaultTestContextBootstrapper - Using TestExecutionListeners: [org.springframework.test.context.web.ServletTestExecutionListener@33cb5951, org.springframework.test.context.support.DirtiesContextBeforeModesTestExecutionListener@365c30cc, org.springframework.test.context.support.DependencyInjectionTestExecutionListener@701fc37a, org.springframework.test.context.support.DirtiesContextTestExecutionListener@4148db48, org.springframework.test.context.transaction.TransactionalTestExecutionListener@282003e1, org.springframework.test.context.jdbc.SqlScriptsTestExecutionListener@7fad8c79]
2017-11-03 16:01:13.052 [main] INFO  o.s.beans.factory.xml.XmlBeanDefinitionReader - Loading XML bean definitions from class path resource [applicationContext.xml]
2017-11-03 16:01:13.961 [main] INFO  o.s.context.support.GenericApplicationContext - Refreshing org.springframework.context.support.GenericApplicationContext@770c2e6b: startup date [Fri Nov 03 16:01:13 CST 2017]; root of context hierarchy
2017-11-03 16:01:16.552 [main] INFO  org.hibernate.annotations.common.Version - HCANN000001: Hibernate Commons Annotations {4.0.2.Final}
2017-11-03 16:01:16.561 [main] INFO  org.hibernate.Version - HHH000412: Hibernate Core {4.2.14.Final}
2017-11-03 16:01:16.564 [main] INFO  org.hibernate.cfg.Environment - HHH000206: hibernate.properties not found
2017-11-03 16:01:16.566 [main] INFO  org.hibernate.cfg.Environment - HHH000021: Bytecode provider name : javassist
2017-11-03 16:01:17.503 [main] INFO  org.hibernate.dialect.Dialect - HHH000400: Using dialect: org.hibernate.dialect.MySQL5InnoDBDialect
2017-11-03 16:01:17.529 [main] INFO  o.hibernate.engine.jdbc.internal.LobCreatorBuilder - HHH000424: Disabling contextual LOB creation as createClob() method threw error : java.lang.reflect.InvocationTargetException
2017-11-03 16:01:17.944 [main] INFO  o.h.e.t.internal.TransactionFactoryInitiator - HHH000399: Using default transaction strategy (direct JDBC transactions)
2017-11-03 16:01:17.953 [main] INFO  o.h.hql.internal.ast.ASTQueryTranslatorFactory - HHH000397: Using ASTQueryTranslatorFactory
2017-11-03 16:01:17.955 [main] WARN  org.hibernate.cfg.SettingsFactory - Unrecognized value for "hibernate.hbm2ddl.auto": none
2017-11-03 16:01:18.030 [main] INFO  org.hibernate.validator.internal.util.Version - HV000001: Hibernate Validator 4.3.1.Final
2017-11-03 16:01:20.227 [main] DEBUG org.hibernate.SQL - insert into user_del (id,login_name,password,realname,idcardno,enter_school_time,telphone,guardian_name,sex,birthday,create_time,user_type,del_time) (select id,login_name,password,realname,idcardno,enter_school_time,telphone,guardian_name,sex,birthday,create_time,user_type,now() from user where id in (1004,1005,1006,1007,1008,1009))
2017-11-03 16:01:20.276 [main] DEBUG org.hibernate.SQL - delete from user where id in (1004,1005,1006,1007,1008,1009)
2017-11-03 16:01:20.303 [Thread-5] INFO  o.s.context.support.GenericApplicationContext - Closing org.springframework.context.support.GenericApplicationContext@770c2e6b: startup date [Fri Nov 03 16:01:13 CST 2017]; root of context hierarchy
2017-11-03 16:05:08.780 [main] INFO  o.s.t.c.support.DefaultTestContextBootstrapper - Loaded default TestExecutionListener class names from location [META-INF/spring.factories]: [org.springframework.test.context.web.ServletTestExecutionListener, org.springframework.test.context.support.DirtiesContextBeforeModesTestExecutionListener, org.springframework.test.context.support.DependencyInjectionTestExecutionListener, org.springframework.test.context.support.DirtiesContextTestExecutionListener, org.springframework.test.context.transaction.TransactionalTestExecutionListener, org.springframework.test.context.jdbc.SqlScriptsTestExecutionListener]
2017-11-03 16:05:08.868 [main] INFO  o.s.t.c.support.DefaultTestContextBootstrapper - Using TestExecutionListeners: [org.springframework.test.context.web.ServletTestExecutionListener@33cb5951, org.springframework.test.context.support.DirtiesContextBeforeModesTestExecutionListener@365c30cc, org.springframework.test.context.support.DependencyInjectionTestExecutionListener@701fc37a, org.springframework.test.context.support.DirtiesContextTestExecutionListener@4148db48, org.springframework.test.context.transaction.TransactionalTestExecutionListener@282003e1, org.springframework.test.context.jdbc.SqlScriptsTestExecutionListener@7fad8c79]
2017-11-03 16:05:09.013 [main] INFO  o.s.beans.factory.xml.XmlBeanDefinitionReader - Loading XML bean definitions from class path resource [applicationContext.xml]
2017-11-03 16:05:09.906 [main] INFO  o.s.context.support.GenericApplicationContext - Refreshing org.springframework.context.support.GenericApplicationContext@770c2e6b: startup date [Fri Nov 03 16:05:09 CST 2017]; root of context hierarchy
2017-11-03 16:05:12.313 [main] INFO  org.hibernate.annotations.common.Version - HCANN000001: Hibernate Commons Annotations {4.0.2.Final}
2017-11-03 16:05:12.321 [main] INFO  org.hibernate.Version - HHH000412: Hibernate Core {4.2.14.Final}
2017-11-03 16:05:12.324 [main] INFO  org.hibernate.cfg.Environment - HHH000206: hibernate.properties not found
2017-11-03 16:05:12.328 [main] INFO  org.hibernate.cfg.Environment - HHH000021: Bytecode provider name : javassist
2017-11-03 16:05:13.028 [main] INFO  org.hibernate.dialect.Dialect - HHH000400: Using dialect: org.hibernate.dialect.MySQL5InnoDBDialect
2017-11-03 16:05:13.038 [main] INFO  o.hibernate.engine.jdbc.internal.LobCreatorBuilder - HHH000424: Disabling contextual LOB creation as createClob() method threw error : java.lang.reflect.InvocationTargetException
2017-11-03 16:05:13.353 [main] INFO  o.h.e.t.internal.TransactionFactoryInitiator - HHH000399: Using default transaction strategy (direct JDBC transactions)
2017-11-03 16:05:13.366 [main] INFO  o.h.hql.internal.ast.ASTQueryTranslatorFactory - HHH000397: Using ASTQueryTranslatorFactory
2017-11-03 16:05:13.387 [main] WARN  org.hibernate.cfg.SettingsFactory - Unrecognized value for "hibernate.hbm2ddl.auto": none
2017-11-03 16:05:13.471 [main] INFO  org.hibernate.validator.internal.util.Version - HV000001: Hibernate Validator 4.3.1.Final
2017-11-03 16:05:15.406 [main] DEBUG org.hibernate.SQL - insert into user_del (id,login_name,password,realname,idcardno,enter_school_time,telphone,guardian_name,sex,birthday,create_time,user_type,del_time) (select id,login_name,password,realname,idcardno,enter_school_time,telphone,guardian_name,sex,birthday,create_time,user_type,now() from user where id in (1004,1005,1006,1007,1008,1009))
2017-11-03 16:05:15.439 [main] DEBUG org.hibernate.SQL - delete from user where id in (1004,1005,1006,1007,1008,1009)
2017-11-03 16:05:15.471 [Thread-5] INFO  o.s.context.support.GenericApplicationContext - Closing org.springframework.context.support.GenericApplicationContext@770c2e6b: startup date [Fri Nov 03 16:05:09 CST 2017]; root of context hierarchy
