2017-11-02 15:27:49.257 [main] INFO  o.s.t.c.support.DefaultTestContextBootstrapper - Loaded default TestExecutionListener class names from location [META-INF/spring.factories]: [org.springframework.test.context.web.ServletTestExecutionListener, org.springframework.test.context.support.DirtiesContextBeforeModesTestExecutionListener, org.springframework.test.context.support.DependencyInjectionTestExecutionListener, org.springframework.test.context.support.DirtiesContextTestExecutionListener, org.springframework.test.context.transaction.TransactionalTestExecutionListener, org.springframework.test.context.jdbc.SqlScriptsTestExecutionListener]
2017-11-02 15:27:49.444 [main] INFO  o.s.t.c.support.DefaultTestContextBootstrapper - Using TestExecutionListeners: [org.springframework.test.context.web.ServletTestExecutionListener@33cb5951, org.springframework.test.context.support.DirtiesContextBeforeModesTestExecutionListener@365c30cc, org.springframework.test.context.support.DependencyInjectionTestExecutionListener@701fc37a, org.springframework.test.context.support.DirtiesContextTestExecutionListener@4148db48, org.springframework.test.context.transaction.TransactionalTestExecutionListener@282003e1, org.springframework.test.context.jdbc.SqlScriptsTestExecutionListener@7fad8c79]
2017-11-02 15:27:49.807 [main] INFO  o.s.beans.factory.xml.XmlBeanDefinitionReader - Loading XML bean definitions from class path resource [applicationContext.xml]
2017-11-02 15:27:50.925 [main] INFO  o.s.context.support.GenericApplicationContext - Refreshing org.springframework.context.support.GenericApplicationContext@770c2e6b: startup date [Thu Nov 02 15:27:50 CST 2017]; root of context hierarchy
2017-11-02 15:27:52.377 [main] INFO  org.hibernate.annotations.common.Version - HCANN000001: Hibernate Commons Annotations {4.0.2.Final}
2017-11-02 15:27:52.384 [main] INFO  org.hibernate.Version - HHH000412: Hibernate Core {4.2.14.Final}
2017-11-02 15:27:52.387 [main] INFO  org.hibernate.cfg.Environment - HHH000206: hibernate.properties not found
2017-11-02 15:27:52.389 [main] INFO  org.hibernate.cfg.Environment - HHH000021: Bytecode provider name : javassist
2017-11-02 15:27:53.200 [main] INFO  org.hibernate.dialect.Dialect - HHH000400: Using dialect: org.hibernate.dialect.MySQL5InnoDBDialect
2017-11-02 15:27:53.214 [main] INFO  o.hibernate.engine.jdbc.internal.LobCreatorBuilder - HHH000424: Disabling contextual LOB creation as createClob() method threw error : java.lang.reflect.InvocationTargetException
2017-11-02 15:27:53.468 [main] INFO  o.h.e.t.internal.TransactionFactoryInitiator - HHH000399: Using default transaction strategy (direct JDBC transactions)
2017-11-02 15:27:53.484 [main] INFO  o.h.hql.internal.ast.ASTQueryTranslatorFactory - HHH000397: Using ASTQueryTranslatorFactory
2017-11-02 15:27:53.486 [main] WARN  org.hibernate.cfg.SettingsFactory - Unrecognized value for "hibernate.hbm2ddl.auto": none
2017-11-02 15:27:53.569 [main] INFO  org.hibernate.validator.internal.util.Version - HV000001: Hibernate Validator 4.3.1.Final
2017-11-02 15:27:55.741 [main] DEBUG org.springframework.jdbc.core.JdbcTemplate - Executing prepared SQL query
2017-11-02 15:27:55.742 [main] DEBUG org.springframework.jdbc.core.JdbcTemplate - Executing prepared SQL statement [select * from user where id=? and password=?]
2017-11-02 15:27:55.776 [main] DEBUG o.springframework.jdbc.core.BeanPropertyRowMapper - Mapping column 'id' to property 'id' of type 'java.lang.Integer'
2017-11-02 15:27:55.778 [main] DEBUG o.springframework.jdbc.core.BeanPropertyRowMapper - Mapping column 'login_name' to property 'loginName' of type 'java.lang.String'
2017-11-02 15:27:55.779 [main] DEBUG o.springframework.jdbc.core.BeanPropertyRowMapper - Mapping column 'password' to property 'password' of type 'java.lang.String'
2017-11-02 15:27:55.779 [main] DEBUG o.springframework.jdbc.core.BeanPropertyRowMapper - Mapping column 'realname' to property 'realname' of type 'java.lang.String'
2017-11-02 15:27:55.780 [main] DEBUG o.springframework.jdbc.core.BeanPropertyRowMapper - Mapping column 'idcardno' to property 'idcardno' of type 'java.lang.String'
2017-11-02 15:27:55.786 [main] DEBUG o.springframework.jdbc.core.BeanPropertyRowMapper - Mapping column 'enter_school_time' to property 'enterSchoolTime' of type 'java.util.Date'
2017-11-02 15:27:55.789 [main] DEBUG o.springframework.jdbc.core.BeanPropertyRowMapper - Mapping column 'telphone' to property 'telphone' of type 'java.lang.String'
2017-11-02 15:27:55.789 [main] DEBUG o.springframework.jdbc.core.BeanPropertyRowMapper - Mapping column 'guardian_name' to property 'guardianName' of type 'java.lang.String'
2017-11-02 15:27:55.790 [main] DEBUG o.springframework.jdbc.core.BeanPropertyRowMapper - Mapping column 'sex' to property 'sex' of type 'java.lang.Integer'
2017-11-02 15:27:55.790 [main] DEBUG o.springframework.jdbc.core.BeanPropertyRowMapper - Mapping column 'birthday' to property 'birthday' of type 'java.util.Date'
2017-11-02 15:27:55.790 [main] DEBUG o.springframework.jdbc.core.BeanPropertyRowMapper - Mapping column 'status' to property 'status' of type 'java.lang.Integer'
2017-11-02 15:27:55.791 [main] DEBUG o.springframework.jdbc.core.BeanPropertyRowMapper - Mapping column 'create_time' to property 'createTime' of type 'java.sql.Timestamp'
2017-11-02 15:27:55.871 [main] INFO  com.sharewin.xhmz.XhmzTest - [{"id":1,"loginName":"admin","password":"c3a13d712b5c590a755e226c686942ff","realname":"管理人员","idcardno":"340601198602025648","enterSchoolTime":"2017-05-02 10:02:18","telphone":"13916097898","guardianName":"刘光华","sex":0,"birthday":"1990-06-14 00:00:00","status":1,"createTime":null,"sexView":"女"}]
2017-11-02 15:27:55.875 [Thread-5] INFO  o.s.context.support.GenericApplicationContext - Closing org.springframework.context.support.GenericApplicationContext@770c2e6b: startup date [Thu Nov 02 15:27:50 CST 2017]; root of context hierarchy
2017-11-02 15:39:20.580 [main] INFO  o.s.t.c.support.DefaultTestContextBootstrapper - Loaded default TestExecutionListener class names from location [META-INF/spring.factories]: [org.springframework.test.context.web.ServletTestExecutionListener, org.springframework.test.context.support.DirtiesContextBeforeModesTestExecutionListener, org.springframework.test.context.support.DependencyInjectionTestExecutionListener, org.springframework.test.context.support.DirtiesContextTestExecutionListener, org.springframework.test.context.transaction.TransactionalTestExecutionListener, org.springframework.test.context.jdbc.SqlScriptsTestExecutionListener]
2017-11-02 15:39:20.607 [main] INFO  o.s.t.c.support.DefaultTestContextBootstrapper - Using TestExecutionListeners: [org.springframework.test.context.web.ServletTestExecutionListener@33cb5951, org.springframework.test.context.support.DirtiesContextBeforeModesTestExecutionListener@365c30cc, org.springframework.test.context.support.DependencyInjectionTestExecutionListener@701fc37a, org.springframework.test.context.support.DirtiesContextTestExecutionListener@4148db48, org.springframework.test.context.transaction.TransactionalTestExecutionListener@282003e1, org.springframework.test.context.jdbc.SqlScriptsTestExecutionListener@7fad8c79]
2017-11-02 15:39:20.718 [main] INFO  o.s.beans.factory.xml.XmlBeanDefinitionReader - Loading XML bean definitions from class path resource [applicationContext.xml]
2017-11-02 15:39:21.368 [main] INFO  o.s.context.support.GenericApplicationContext - Refreshing org.springframework.context.support.GenericApplicationContext@770c2e6b: startup date [Thu Nov 02 15:39:21 CST 2017]; root of context hierarchy
2017-11-02 15:39:23.310 [main] INFO  org.hibernate.annotations.common.Version - HCANN000001: Hibernate Commons Annotations {4.0.2.Final}
2017-11-02 15:39:23.322 [main] INFO  org.hibernate.Version - HHH000412: Hibernate Core {4.2.14.Final}
2017-11-02 15:39:23.325 [main] INFO  org.hibernate.cfg.Environment - HHH000206: hibernate.properties not found
2017-11-02 15:39:23.329 [main] INFO  org.hibernate.cfg.Environment - HHH000021: Bytecode provider name : javassist
2017-11-02 15:39:24.001 [main] INFO  org.hibernate.dialect.Dialect - HHH000400: Using dialect: org.hibernate.dialect.MySQL5InnoDBDialect
2017-11-02 15:39:24.010 [main] INFO  o.hibernate.engine.jdbc.internal.LobCreatorBuilder - HHH000424: Disabling contextual LOB creation as createClob() method threw error : java.lang.reflect.InvocationTargetException
2017-11-02 15:39:24.253 [main] INFO  o.h.e.t.internal.TransactionFactoryInitiator - HHH000399: Using default transaction strategy (direct JDBC transactions)
2017-11-02 15:39:24.260 [main] INFO  o.h.hql.internal.ast.ASTQueryTranslatorFactory - HHH000397: Using ASTQueryTranslatorFactory
2017-11-02 15:39:24.262 [main] WARN  org.hibernate.cfg.SettingsFactory - Unrecognized value for "hibernate.hbm2ddl.auto": none
2017-11-02 15:39:24.320 [main] INFO  org.hibernate.validator.internal.util.Version - HV000001: Hibernate Validator 4.3.1.Final
2017-11-02 15:39:26.150 [main] DEBUG org.springframework.jdbc.core.JdbcTemplate - Executing prepared SQL query
2017-11-02 15:39:26.151 [main] DEBUG org.springframework.jdbc.core.JdbcTemplate - Executing prepared SQL statement [select * from user where id=? and password=?]
2017-11-02 15:39:26.209 [Thread-5] INFO  o.s.context.support.GenericApplicationContext - Closing org.springframework.context.support.GenericApplicationContext@770c2e6b: startup date [Thu Nov 02 15:39:21 CST 2017]; root of context hierarchy
2017-11-02 15:42:17.263 [main] INFO  o.s.t.c.support.DefaultTestContextBootstrapper - Loaded default TestExecutionListener class names from location [META-INF/spring.factories]: [org.springframework.test.context.web.ServletTestExecutionListener, org.springframework.test.context.support.DirtiesContextBeforeModesTestExecutionListener, org.springframework.test.context.support.DependencyInjectionTestExecutionListener, org.springframework.test.context.support.DirtiesContextTestExecutionListener, org.springframework.test.context.transaction.TransactionalTestExecutionListener, org.springframework.test.context.jdbc.SqlScriptsTestExecutionListener]
2017-11-02 15:42:17.291 [main] INFO  o.s.t.c.support.DefaultTestContextBootstrapper - Using TestExecutionListeners: [org.springframework.test.context.web.ServletTestExecutionListener@33cb5951, org.springframework.test.context.support.DirtiesContextBeforeModesTestExecutionListener@365c30cc, org.springframework.test.context.support.DependencyInjectionTestExecutionListener@701fc37a, org.springframework.test.context.support.DirtiesContextTestExecutionListener@4148db48, org.springframework.test.context.transaction.TransactionalTestExecutionListener@282003e1, org.springframework.test.context.jdbc.SqlScriptsTestExecutionListener@7fad8c79]
2017-11-02 15:42:17.432 [main] INFO  o.s.beans.factory.xml.XmlBeanDefinitionReader - Loading XML bean definitions from class path resource [applicationContext.xml]
2017-11-02 15:42:18.187 [main] INFO  o.s.context.support.GenericApplicationContext - Refreshing org.springframework.context.support.GenericApplicationContext@770c2e6b: startup date [Thu Nov 02 15:42:18 CST 2017]; root of context hierarchy
2017-11-02 15:42:20.582 [main] INFO  org.hibernate.annotations.common.Version - HCANN000001: Hibernate Commons Annotations {4.0.2.Final}
2017-11-02 15:42:20.590 [main] INFO  org.hibernate.Version - HHH000412: Hibernate Core {4.2.14.Final}
2017-11-02 15:42:20.593 [main] INFO  org.hibernate.cfg.Environment - HHH000206: hibernate.properties not found
2017-11-02 15:42:20.595 [main] INFO  org.hibernate.cfg.Environment - HHH000021: Bytecode provider name : javassist
2017-11-02 15:42:21.275 [main] INFO  org.hibernate.dialect.Dialect - HHH000400: Using dialect: org.hibernate.dialect.MySQL5InnoDBDialect
2017-11-02 15:42:21.284 [main] INFO  o.hibernate.engine.jdbc.internal.LobCreatorBuilder - HHH000424: Disabling contextual LOB creation as createClob() method threw error : java.lang.reflect.InvocationTargetException
2017-11-02 15:42:21.579 [main] INFO  o.h.e.t.internal.TransactionFactoryInitiator - HHH000399: Using default transaction strategy (direct JDBC transactions)
2017-11-02 15:42:21.585 [main] INFO  o.h.hql.internal.ast.ASTQueryTranslatorFactory - HHH000397: Using ASTQueryTranslatorFactory
2017-11-02 15:42:21.587 [main] WARN  org.hibernate.cfg.SettingsFactory - Unrecognized value for "hibernate.hbm2ddl.auto": none
2017-11-02 15:42:21.641 [main] INFO  org.hibernate.validator.internal.util.Version - HV000001: Hibernate Validator 4.3.1.Final
2017-11-02 15:42:23.607 [main] DEBUG org.springframework.jdbc.core.JdbcTemplate - Executing prepared SQL query
2017-11-02 15:42:23.608 [main] DEBUG org.springframework.jdbc.core.JdbcTemplate - Executing prepared SQL statement [select * from user where id=? and password=?]
2017-11-02 15:42:23.655 [main] INFO  com.sharewin.xhmz.XhmzTest - null
2017-11-02 15:42:23.660 [Thread-5] INFO  o.s.context.support.GenericApplicationContext - Closing org.springframework.context.support.GenericApplicationContext@770c2e6b: startup date [Thu Nov 02 15:42:18 CST 2017]; root of context hierarchy
2017-11-02 15:47:56.057 [main] INFO  o.s.t.c.support.DefaultTestContextBootstrapper - Loaded default TestExecutionListener class names from location [META-INF/spring.factories]: [org.springframework.test.context.web.ServletTestExecutionListener, org.springframework.test.context.support.DirtiesContextBeforeModesTestExecutionListener, org.springframework.test.context.support.DependencyInjectionTestExecutionListener, org.springframework.test.context.support.DirtiesContextTestExecutionListener, org.springframework.test.context.transaction.TransactionalTestExecutionListener, org.springframework.test.context.jdbc.SqlScriptsTestExecutionListener]
2017-11-02 15:47:56.080 [main] INFO  o.s.t.c.support.DefaultTestContextBootstrapper - Using TestExecutionListeners: [org.springframework.test.context.web.ServletTestExecutionListener@33cb5951, org.springframework.test.context.support.DirtiesContextBeforeModesTestExecutionListener@365c30cc, org.springframework.test.context.support.DependencyInjectionTestExecutionListener@701fc37a, org.springframework.test.context.support.DirtiesContextTestExecutionListener@4148db48, org.springframework.test.context.transaction.TransactionalTestExecutionListener@282003e1, org.springframework.test.context.jdbc.SqlScriptsTestExecutionListener@7fad8c79]
2017-11-02 15:47:56.196 [main] INFO  o.s.beans.factory.xml.XmlBeanDefinitionReader - Loading XML bean definitions from class path resource [applicationContext.xml]
2017-11-02 15:47:56.867 [main] INFO  o.s.context.support.GenericApplicationContext - Refreshing org.springframework.context.support.GenericApplicationContext@770c2e6b: startup date [Thu Nov 02 15:47:56 CST 2017]; root of context hierarchy
2017-11-02 15:47:59.270 [main] INFO  org.hibernate.annotations.common.Version - HCANN000001: Hibernate Commons Annotations {4.0.2.Final}
2017-11-02 15:47:59.281 [main] INFO  org.hibernate.Version - HHH000412: Hibernate Core {4.2.14.Final}
2017-11-02 15:47:59.285 [main] INFO  org.hibernate.cfg.Environment - HHH000206: hibernate.properties not found
2017-11-02 15:47:59.288 [main] INFO  org.hibernate.cfg.Environment - HHH000021: Bytecode provider name : javassist
2017-11-02 15:48:00.575 [main] INFO  org.hibernate.dialect.Dialect - HHH000400: Using dialect: org.hibernate.dialect.MySQL5InnoDBDialect
2017-11-02 15:48:00.588 [main] INFO  o.hibernate.engine.jdbc.internal.LobCreatorBuilder - HHH000424: Disabling contextual LOB creation as createClob() method threw error : java.lang.reflect.InvocationTargetException
2017-11-02 15:48:01.004 [main] INFO  o.h.e.t.internal.TransactionFactoryInitiator - HHH000399: Using default transaction strategy (direct JDBC transactions)
2017-11-02 15:48:01.014 [main] INFO  o.h.hql.internal.ast.ASTQueryTranslatorFactory - HHH000397: Using ASTQueryTranslatorFactory
2017-11-02 15:48:01.016 [main] WARN  org.hibernate.cfg.SettingsFactory - Unrecognized value for "hibernate.hbm2ddl.auto": none
2017-11-02 15:48:01.130 [main] INFO  org.hibernate.validator.internal.util.Version - HV000001: Hibernate Validator 4.3.1.Final
2017-11-02 15:48:03.466 [main] DEBUG org.springframework.jdbc.core.JdbcTemplate - Executing prepared SQL query
2017-11-02 15:48:03.467 [main] DEBUG org.springframework.jdbc.core.JdbcTemplate - Executing prepared SQL statement [select * from user where id=? and password=?]
2017-11-02 15:48:03.591 [main] INFO  com.sharewin.xhmz.XhmzTest - {"code":2,"msg":"原始密码错误!","obj":null}
2017-11-02 15:48:03.601 [Thread-5] INFO  o.s.context.support.GenericApplicationContext - Closing org.springframework.context.support.GenericApplicationContext@770c2e6b: startup date [Thu Nov 02 15:47:56 CST 2017]; root of context hierarchy
2017-11-02 15:48:34.290 [main] INFO  o.s.t.c.support.DefaultTestContextBootstrapper - Loaded default TestExecutionListener class names from location [META-INF/spring.factories]: [org.springframework.test.context.web.ServletTestExecutionListener, org.springframework.test.context.support.DirtiesContextBeforeModesTestExecutionListener, org.springframework.test.context.support.DependencyInjectionTestExecutionListener, org.springframework.test.context.support.DirtiesContextTestExecutionListener, org.springframework.test.context.transaction.TransactionalTestExecutionListener, org.springframework.test.context.jdbc.SqlScriptsTestExecutionListener]
2017-11-02 15:48:34.313 [main] INFO  o.s.t.c.support.DefaultTestContextBootstrapper - Using TestExecutionListeners: [org.springframework.test.context.web.ServletTestExecutionListener@33cb5951, org.springframework.test.context.support.DirtiesContextBeforeModesTestExecutionListener@365c30cc, org.springframework.test.context.support.DependencyInjectionTestExecutionListener@701fc37a, org.springframework.test.context.support.DirtiesContextTestExecutionListener@4148db48, org.springframework.test.context.transaction.TransactionalTestExecutionListener@282003e1, org.springframework.test.context.jdbc.SqlScriptsTestExecutionListener@7fad8c79]
2017-11-02 15:48:34.437 [main] INFO  o.s.beans.factory.xml.XmlBeanDefinitionReader - Loading XML bean definitions from class path resource [applicationContext.xml]
2017-11-02 15:48:35.123 [main] INFO  o.s.context.support.GenericApplicationContext - Refreshing org.springframework.context.support.GenericApplicationContext@770c2e6b: startup date [Thu Nov 02 15:48:35 CST 2017]; root of context hierarchy
2017-11-02 15:48:37.460 [main] INFO  org.hibernate.annotations.common.Version - HCANN000001: Hibernate Commons Annotations {4.0.2.Final}
2017-11-02 15:48:37.470 [main] INFO  org.hibernate.Version - HHH000412: Hibernate Core {4.2.14.Final}
2017-11-02 15:48:37.474 [main] INFO  org.hibernate.cfg.Environment - HHH000206: hibernate.properties not found
2017-11-02 15:48:37.477 [main] INFO  org.hibernate.cfg.Environment - HHH000021: Bytecode provider name : javassist
2017-11-02 15:48:38.178 [main] INFO  org.hibernate.dialect.Dialect - HHH000400: Using dialect: org.hibernate.dialect.MySQL5InnoDBDialect
2017-11-02 15:48:38.189 [main] INFO  o.hibernate.engine.jdbc.internal.LobCreatorBuilder - HHH000424: Disabling contextual LOB creation as createClob() method threw error : java.lang.reflect.InvocationTargetException
2017-11-02 15:48:38.450 [main] INFO  o.h.e.t.internal.TransactionFactoryInitiator - HHH000399: Using default transaction strategy (direct JDBC transactions)
2017-11-02 15:48:38.458 [main] INFO  o.h.hql.internal.ast.ASTQueryTranslatorFactory - HHH000397: Using ASTQueryTranslatorFactory
2017-11-02 15:48:38.460 [main] WARN  org.hibernate.cfg.SettingsFactory - Unrecognized value for "hibernate.hbm2ddl.auto": none
2017-11-02 15:48:38.526 [main] INFO  org.hibernate.validator.internal.util.Version - HV000001: Hibernate Validator 4.3.1.Final
2017-11-02 15:48:40.397 [main] DEBUG org.springframework.jdbc.core.JdbcTemplate - Executing prepared SQL query
2017-11-02 15:48:40.399 [main] DEBUG org.springframework.jdbc.core.JdbcTemplate - Executing prepared SQL statement [select * from user where id=? and password=?]
2017-11-02 15:48:40.435 [main] DEBUG o.springframework.jdbc.core.BeanPropertyRowMapper - Mapping column 'id' to property 'id' of type 'java.lang.Integer'
2017-11-02 15:48:40.438 [main] DEBUG o.springframework.jdbc.core.BeanPropertyRowMapper - Mapping column 'login_name' to property 'loginName' of type 'java.lang.String'
2017-11-02 15:48:40.439 [main] DEBUG o.springframework.jdbc.core.BeanPropertyRowMapper - Mapping column 'password' to property 'password' of type 'java.lang.String'
2017-11-02 15:48:40.440 [main] DEBUG o.springframework.jdbc.core.BeanPropertyRowMapper - Mapping column 'realname' to property 'realname' of type 'java.lang.String'
2017-11-02 15:48:40.441 [main] DEBUG o.springframework.jdbc.core.BeanPropertyRowMapper - Mapping column 'idcardno' to property 'idcardno' of type 'java.lang.String'
2017-11-02 15:48:40.449 [main] DEBUG o.springframework.jdbc.core.BeanPropertyRowMapper - Mapping column 'enter_school_time' to property 'enterSchoolTime' of type 'java.util.Date'
2017-11-02 15:48:40.452 [main] DEBUG o.springframework.jdbc.core.BeanPropertyRowMapper - Mapping column 'telphone' to property 'telphone' of type 'java.lang.String'
2017-11-02 15:48:40.452 [main] DEBUG o.springframework.jdbc.core.BeanPropertyRowMapper - Mapping column 'guardian_name' to property 'guardianName' of type 'java.lang.String'
2017-11-02 15:48:40.453 [main] DEBUG o.springframework.jdbc.core.BeanPropertyRowMapper - Mapping column 'sex' to property 'sex' of type 'java.lang.Integer'
2017-11-02 15:48:40.453 [main] DEBUG o.springframework.jdbc.core.BeanPropertyRowMapper - Mapping column 'birthday' to property 'birthday' of type 'java.util.Date'
2017-11-02 15:48:40.454 [main] DEBUG o.springframework.jdbc.core.BeanPropertyRowMapper - Mapping column 'status' to property 'status' of type 'java.lang.Integer'
2017-11-02 15:48:40.455 [main] DEBUG o.springframework.jdbc.core.BeanPropertyRowMapper - Mapping column 'create_time' to property 'createTime' of type 'java.sql.Timestamp'
2017-11-02 15:48:40.487 [Thread-5] INFO  o.s.context.support.GenericApplicationContext - Closing org.springframework.context.support.GenericApplicationContext@770c2e6b: startup date [Thu Nov 02 15:48:35 CST 2017]; root of context hierarchy
2017-11-02 15:49:17.145 [main] INFO  o.s.t.c.support.DefaultTestContextBootstrapper - Loaded default TestExecutionListener class names from location [META-INF/spring.factories]: [org.springframework.test.context.web.ServletTestExecutionListener, org.springframework.test.context.support.DirtiesContextBeforeModesTestExecutionListener, org.springframework.test.context.support.DependencyInjectionTestExecutionListener, org.springframework.test.context.support.DirtiesContextTestExecutionListener, org.springframework.test.context.transaction.TransactionalTestExecutionListener, org.springframework.test.context.jdbc.SqlScriptsTestExecutionListener]
2017-11-02 15:49:17.179 [main] INFO  o.s.t.c.support.DefaultTestContextBootstrapper - Using TestExecutionListeners: [org.springframework.test.context.web.ServletTestExecutionListener@33cb5951, org.springframework.test.context.support.DirtiesContextBeforeModesTestExecutionListener@365c30cc, org.springframework.test.context.support.DependencyInjectionTestExecutionListener@701fc37a, org.springframework.test.context.support.DirtiesContextTestExecutionListener@4148db48, org.springframework.test.context.transaction.TransactionalTestExecutionListener@282003e1, org.springframework.test.context.jdbc.SqlScriptsTestExecutionListener@7fad8c79]
2017-11-02 15:49:17.297 [main] INFO  o.s.beans.factory.xml.XmlBeanDefinitionReader - Loading XML bean definitions from class path resource [applicationContext.xml]
2017-11-02 15:49:17.941 [main] INFO  o.s.context.support.GenericApplicationContext - Refreshing org.springframework.context.support.GenericApplicationContext@770c2e6b: startup date [Thu Nov 02 15:49:17 CST 2017]; root of context hierarchy
2017-11-02 15:49:20.154 [main] INFO  org.hibernate.annotations.common.Version - HCANN000001: Hibernate Commons Annotations {4.0.2.Final}
2017-11-02 15:49:20.166 [main] INFO  org.hibernate.Version - HHH000412: Hibernate Core {4.2.14.Final}
2017-11-02 15:49:20.170 [main] INFO  org.hibernate.cfg.Environment - HHH000206: hibernate.properties not found
2017-11-02 15:49:20.174 [main] INFO  org.hibernate.cfg.Environment - HHH000021: Bytecode provider name : javassist
2017-11-02 15:49:20.947 [main] INFO  org.hibernate.dialect.Dialect - HHH000400: Using dialect: org.hibernate.dialect.MySQL5InnoDBDialect
2017-11-02 15:49:20.957 [main] INFO  o.hibernate.engine.jdbc.internal.LobCreatorBuilder - HHH000424: Disabling contextual LOB creation as createClob() method threw error : java.lang.reflect.InvocationTargetException
2017-11-02 15:49:21.214 [main] INFO  o.h.e.t.internal.TransactionFactoryInitiator - HHH000399: Using default transaction strategy (direct JDBC transactions)
2017-11-02 15:49:21.222 [main] INFO  o.h.hql.internal.ast.ASTQueryTranslatorFactory - HHH000397: Using ASTQueryTranslatorFactory
2017-11-02 15:49:21.225 [main] WARN  org.hibernate.cfg.SettingsFactory - Unrecognized value for "hibernate.hbm2ddl.auto": none
2017-11-02 15:49:21.288 [main] INFO  org.hibernate.validator.internal.util.Version - HV000001: Hibernate Validator 4.3.1.Final
2017-11-02 15:49:23.038 [main] DEBUG org.springframework.jdbc.core.JdbcTemplate - Executing prepared SQL query
2017-11-02 15:49:23.039 [main] DEBUG org.springframework.jdbc.core.JdbcTemplate - Executing prepared SQL statement [select * from user where id=? and password=?]
2017-11-02 15:49:23.080 [main] DEBUG o.springframework.jdbc.core.BeanPropertyRowMapper - Mapping column 'id' to property 'id' of type 'java.lang.Integer'
2017-11-02 15:49:23.083 [main] DEBUG o.springframework.jdbc.core.BeanPropertyRowMapper - Mapping column 'login_name' to property 'loginName' of type 'java.lang.String'
2017-11-02 15:49:23.086 [main] DEBUG o.springframework.jdbc.core.BeanPropertyRowMapper - Mapping column 'password' to property 'password' of type 'java.lang.String'
2017-11-02 15:49:23.087 [main] DEBUG o.springframework.jdbc.core.BeanPropertyRowMapper - Mapping column 'realname' to property 'realname' of type 'java.lang.String'
2017-11-02 15:49:23.088 [main] DEBUG o.springframework.jdbc.core.BeanPropertyRowMapper - Mapping column 'idcardno' to property 'idcardno' of type 'java.lang.String'
2017-11-02 15:49:23.099 [main] DEBUG o.springframework.jdbc.core.BeanPropertyRowMapper - Mapping column 'enter_school_time' to property 'enterSchoolTime' of type 'java.util.Date'
2017-11-02 15:49:23.102 [main] DEBUG o.springframework.jdbc.core.BeanPropertyRowMapper - Mapping column 'telphone' to property 'telphone' of type 'java.lang.String'
2017-11-02 15:49:23.103 [main] DEBUG o.springframework.jdbc.core.BeanPropertyRowMapper - Mapping column 'guardian_name' to property 'guardianName' of type 'java.lang.String'
2017-11-02 15:49:23.103 [main] DEBUG o.springframework.jdbc.core.BeanPropertyRowMapper - Mapping column 'sex' to property 'sex' of type 'java.lang.Integer'
2017-11-02 15:49:23.104 [main] DEBUG o.springframework.jdbc.core.BeanPropertyRowMapper - Mapping column 'birthday' to property 'birthday' of type 'java.util.Date'
2017-11-02 15:49:23.105 [main] DEBUG o.springframework.jdbc.core.BeanPropertyRowMapper - Mapping column 'status' to property 'status' of type 'java.lang.Integer'
2017-11-02 15:49:23.105 [main] DEBUG o.springframework.jdbc.core.BeanPropertyRowMapper - Mapping column 'create_time' to property 'createTime' of type 'java.sql.Timestamp'
2017-11-02 15:49:23.110 [main] DEBUG org.springframework.jdbc.core.JdbcTemplate - Executing prepared SQL update
2017-11-02 15:49:23.111 [main] DEBUG org.springframework.jdbc.core.JdbcTemplate - Executing prepared SQL statement [update user set password=? where userid=?]
2017-11-02 15:49:23.130 [main] INFO  o.s.beans.factory.xml.XmlBeanDefinitionReader - Loading XML bean definitions from class path resource [org/springframework/jdbc/support/sql-error-codes.xml]
2017-11-02 15:49:23.185 [main] INFO  o.s.jdbc.support.SQLErrorCodesFactory - SQLErrorCodes loaded: [DB2, Derby, H2, HSQL, Informix, MS-SQL, MySQL, Oracle, PostgreSQL, Sybase, Hana]
2017-11-02 15:49:23.209 [Thread-5] INFO  o.s.context.support.GenericApplicationContext - Closing org.springframework.context.support.GenericApplicationContext@770c2e6b: startup date [Thu Nov 02 15:49:17 CST 2017]; root of context hierarchy
2017-11-02 15:50:03.461 [main] INFO  o.s.t.c.support.DefaultTestContextBootstrapper - Loaded default TestExecutionListener class names from location [META-INF/spring.factories]: [org.springframework.test.context.web.ServletTestExecutionListener, org.springframework.test.context.support.DirtiesContextBeforeModesTestExecutionListener, org.springframework.test.context.support.DependencyInjectionTestExecutionListener, org.springframework.test.context.support.DirtiesContextTestExecutionListener, org.springframework.test.context.transaction.TransactionalTestExecutionListener, org.springframework.test.context.jdbc.SqlScriptsTestExecutionListener]
2017-11-02 15:50:03.481 [main] INFO  o.s.t.c.support.DefaultTestContextBootstrapper - Using TestExecutionListeners: [org.springframework.test.context.web.ServletTestExecutionListener@33cb5951, org.springframework.test.context.support.DirtiesContextBeforeModesTestExecutionListener@365c30cc, org.springframework.test.context.support.DependencyInjectionTestExecutionListener@701fc37a, org.springframework.test.context.support.DirtiesContextTestExecutionListener@4148db48, org.springframework.test.context.transaction.TransactionalTestExecutionListener@282003e1, org.springframework.test.context.jdbc.SqlScriptsTestExecutionListener@7fad8c79]
2017-11-02 15:50:03.598 [main] INFO  o.s.beans.factory.xml.XmlBeanDefinitionReader - Loading XML bean definitions from class path resource [applicationContext.xml]
2017-11-02 15:50:05.164 [main] INFO  o.s.context.support.GenericApplicationContext - Refreshing org.springframework.context.support.GenericApplicationContext@770c2e6b: startup date [Thu Nov 02 15:50:05 CST 2017]; root of context hierarchy
2017-11-02 15:50:07.084 [main] INFO  org.hibernate.annotations.common.Version - HCANN000001: Hibernate Commons Annotations {4.0.2.Final}
2017-11-02 15:50:07.089 [main] INFO  org.hibernate.Version - HHH000412: Hibernate Core {4.2.14.Final}
2017-11-02 15:50:07.091 [main] INFO  org.hibernate.cfg.Environment - HHH000206: hibernate.properties not found
2017-11-02 15:50:07.093 [main] INFO  org.hibernate.cfg.Environment - HHH000021: Bytecode provider name : javassist
2017-11-02 15:50:07.702 [main] INFO  org.hibernate.dialect.Dialect - HHH000400: Using dialect: org.hibernate.dialect.MySQL5InnoDBDialect
2017-11-02 15:50:07.711 [main] INFO  o.hibernate.engine.jdbc.internal.LobCreatorBuilder - HHH000424: Disabling contextual LOB creation as createClob() method threw error : java.lang.reflect.InvocationTargetException
2017-11-02 15:50:07.957 [main] INFO  o.h.e.t.internal.TransactionFactoryInitiator - HHH000399: Using default transaction strategy (direct JDBC transactions)
2017-11-02 15:50:07.964 [main] INFO  o.h.hql.internal.ast.ASTQueryTranslatorFactory - HHH000397: Using ASTQueryTranslatorFactory
2017-11-02 15:50:07.966 [main] WARN  org.hibernate.cfg.SettingsFactory - Unrecognized value for "hibernate.hbm2ddl.auto": none
2017-11-02 15:50:08.034 [main] INFO  org.hibernate.validator.internal.util.Version - HV000001: Hibernate Validator 4.3.1.Final
2017-11-02 15:50:09.839 [main] DEBUG org.springframework.jdbc.core.JdbcTemplate - Executing prepared SQL query
2017-11-02 15:50:09.840 [main] DEBUG org.springframework.jdbc.core.JdbcTemplate - Executing prepared SQL statement [select * from user where id=? and password=?]
2017-11-02 15:50:09.867 [main] DEBUG o.springframework.jdbc.core.BeanPropertyRowMapper - Mapping column 'id' to property 'id' of type 'java.lang.Integer'
2017-11-02 15:50:09.869 [main] DEBUG o.springframework.jdbc.core.BeanPropertyRowMapper - Mapping column 'login_name' to property 'loginName' of type 'java.lang.String'
2017-11-02 15:50:09.870 [main] DEBUG o.springframework.jdbc.core.BeanPropertyRowMapper - Mapping column 'password' to property 'password' of type 'java.lang.String'
2017-11-02 15:50:09.870 [main] DEBUG o.springframework.jdbc.core.BeanPropertyRowMapper - Mapping column 'realname' to property 'realname' of type 'java.lang.String'
2017-11-02 15:50:09.871 [main] DEBUG o.springframework.jdbc.core.BeanPropertyRowMapper - Mapping column 'idcardno' to property 'idcardno' of type 'java.lang.String'
2017-11-02 15:50:09.877 [main] DEBUG o.springframework.jdbc.core.BeanPropertyRowMapper - Mapping column 'enter_school_time' to property 'enterSchoolTime' of type 'java.util.Date'
2017-11-02 15:50:09.879 [main] DEBUG o.springframework.jdbc.core.BeanPropertyRowMapper - Mapping column 'telphone' to property 'telphone' of type 'java.lang.String'
2017-11-02 15:50:09.880 [main] DEBUG o.springframework.jdbc.core.BeanPropertyRowMapper - Mapping column 'guardian_name' to property 'guardianName' of type 'java.lang.String'
2017-11-02 15:50:09.880 [main] DEBUG o.springframework.jdbc.core.BeanPropertyRowMapper - Mapping column 'sex' to property 'sex' of type 'java.lang.Integer'
2017-11-02 15:50:09.881 [main] DEBUG o.springframework.jdbc.core.BeanPropertyRowMapper - Mapping column 'birthday' to property 'birthday' of type 'java.util.Date'
2017-11-02 15:50:09.881 [main] DEBUG o.springframework.jdbc.core.BeanPropertyRowMapper - Mapping column 'status' to property 'status' of type 'java.lang.Integer'
2017-11-02 15:50:09.882 [main] DEBUG o.springframework.jdbc.core.BeanPropertyRowMapper - Mapping column 'create_time' to property 'createTime' of type 'java.sql.Timestamp'
2017-11-02 15:50:09.886 [main] DEBUG org.springframework.jdbc.core.JdbcTemplate - Executing prepared SQL update
2017-11-02 15:50:09.888 [main] DEBUG org.springframework.jdbc.core.JdbcTemplate - Executing prepared SQL statement [update user set password=? where userid=?]
2017-11-02 15:50:09.904 [main] INFO  o.s.beans.factory.xml.XmlBeanDefinitionReader - Loading XML bean definitions from class path resource [org/springframework/jdbc/support/sql-error-codes.xml]
2017-11-02 15:50:09.947 [main] INFO  o.s.jdbc.support.SQLErrorCodesFactory - SQLErrorCodes loaded: [DB2, Derby, H2, HSQL, Informix, MS-SQL, MySQL, Oracle, PostgreSQL, Sybase, Hana]
2017-11-02 15:50:09.982 [Thread-5] INFO  o.s.context.support.GenericApplicationContext - Closing org.springframework.context.support.GenericApplicationContext@770c2e6b: startup date [Thu Nov 02 15:50:05 CST 2017]; root of context hierarchy
2017-11-02 15:50:46.228 [main] INFO  o.s.t.c.support.DefaultTestContextBootstrapper - Loaded default TestExecutionListener class names from location [META-INF/spring.factories]: [org.springframework.test.context.web.ServletTestExecutionListener, org.springframework.test.context.support.DirtiesContextBeforeModesTestExecutionListener, org.springframework.test.context.support.DependencyInjectionTestExecutionListener, org.springframework.test.context.support.DirtiesContextTestExecutionListener, org.springframework.test.context.transaction.TransactionalTestExecutionListener, org.springframework.test.context.jdbc.SqlScriptsTestExecutionListener]
2017-11-02 15:50:46.258 [main] INFO  o.s.t.c.support.DefaultTestContextBootstrapper - Using TestExecutionListeners: [org.springframework.test.context.web.ServletTestExecutionListener@33cb5951, org.springframework.test.context.support.DirtiesContextBeforeModesTestExecutionListener@365c30cc, org.springframework.test.context.support.DependencyInjectionTestExecutionListener@701fc37a, org.springframework.test.context.support.DirtiesContextTestExecutionListener@4148db48, org.springframework.test.context.transaction.TransactionalTestExecutionListener@282003e1, org.springframework.test.context.jdbc.SqlScriptsTestExecutionListener@7fad8c79]
2017-11-02 15:50:46.367 [main] INFO  o.s.beans.factory.xml.XmlBeanDefinitionReader - Loading XML bean definitions from class path resource [applicationContext.xml]
2017-11-02 15:50:47.168 [main] INFO  o.s.context.support.GenericApplicationContext - Refreshing org.springframework.context.support.GenericApplicationContext@770c2e6b: startup date [Thu Nov 02 15:50:47 CST 2017]; root of context hierarchy
2017-11-02 15:50:49.495 [main] INFO  org.hibernate.annotations.common.Version - HCANN000001: Hibernate Commons Annotations {4.0.2.Final}
2017-11-02 15:50:49.503 [main] INFO  org.hibernate.Version - HHH000412: Hibernate Core {4.2.14.Final}
2017-11-02 15:50:49.506 [main] INFO  org.hibernate.cfg.Environment - HHH000206: hibernate.properties not found
2017-11-02 15:50:49.508 [main] INFO  org.hibernate.cfg.Environment - HHH000021: Bytecode provider name : javassist
2017-11-02 15:50:50.108 [main] INFO  org.hibernate.dialect.Dialect - HHH000400: Using dialect: org.hibernate.dialect.MySQL5InnoDBDialect
2017-11-02 15:50:50.119 [main] INFO  o.hibernate.engine.jdbc.internal.LobCreatorBuilder - HHH000424: Disabling contextual LOB creation as createClob() method threw error : java.lang.reflect.InvocationTargetException
2017-11-02 15:50:50.407 [main] INFO  o.h.e.t.internal.TransactionFactoryInitiator - HHH000399: Using default transaction strategy (direct JDBC transactions)
2017-11-02 15:50:50.419 [main] INFO  o.h.hql.internal.ast.ASTQueryTranslatorFactory - HHH000397: Using ASTQueryTranslatorFactory
2017-11-02 15:50:50.421 [main] WARN  org.hibernate.cfg.SettingsFactory - Unrecognized value for "hibernate.hbm2ddl.auto": none
2017-11-02 15:50:50.483 [main] INFO  org.hibernate.validator.internal.util.Version - HV000001: Hibernate Validator 4.3.1.Final
2017-11-02 15:50:52.329 [main] DEBUG org.springframework.jdbc.core.JdbcTemplate - Executing prepared SQL query
2017-11-02 15:50:52.330 [main] DEBUG org.springframework.jdbc.core.JdbcTemplate - Executing prepared SQL statement [select * from user where id=? and password=?]
2017-11-02 15:50:52.358 [main] DEBUG o.springframework.jdbc.core.BeanPropertyRowMapper - Mapping column 'id' to property 'id' of type 'java.lang.Integer'
2017-11-02 15:50:52.360 [main] DEBUG o.springframework.jdbc.core.BeanPropertyRowMapper - Mapping column 'login_name' to property 'loginName' of type 'java.lang.String'
2017-11-02 15:50:52.361 [main] DEBUG o.springframework.jdbc.core.BeanPropertyRowMapper - Mapping column 'password' to property 'password' of type 'java.lang.String'
2017-11-02 15:50:52.362 [main] DEBUG o.springframework.jdbc.core.BeanPropertyRowMapper - Mapping column 'realname' to property 'realname' of type 'java.lang.String'
2017-11-02 15:50:52.362 [main] DEBUG o.springframework.jdbc.core.BeanPropertyRowMapper - Mapping column 'idcardno' to property 'idcardno' of type 'java.lang.String'
2017-11-02 15:50:52.370 [main] DEBUG o.springframework.jdbc.core.BeanPropertyRowMapper - Mapping column 'enter_school_time' to property 'enterSchoolTime' of type 'java.util.Date'
2017-11-02 15:50:52.372 [main] DEBUG o.springframework.jdbc.core.BeanPropertyRowMapper - Mapping column 'telphone' to property 'telphone' of type 'java.lang.String'
2017-11-02 15:50:52.373 [main] DEBUG o.springframework.jdbc.core.BeanPropertyRowMapper - Mapping column 'guardian_name' to property 'guardianName' of type 'java.lang.String'
2017-11-02 15:50:52.374 [main] DEBUG o.springframework.jdbc.core.BeanPropertyRowMapper - Mapping column 'sex' to property 'sex' of type 'java.lang.Integer'
2017-11-02 15:50:52.375 [main] DEBUG o.springframework.jdbc.core.BeanPropertyRowMapper - Mapping column 'birthday' to property 'birthday' of type 'java.util.Date'
2017-11-02 15:50:52.375 [main] DEBUG o.springframework.jdbc.core.BeanPropertyRowMapper - Mapping column 'status' to property 'status' of type 'java.lang.Integer'
2017-11-02 15:50:52.376 [main] DEBUG o.springframework.jdbc.core.BeanPropertyRowMapper - Mapping column 'create_time' to property 'createTime' of type 'java.sql.Timestamp'
2017-11-02 15:50:52.379 [main] DEBUG org.springframework.jdbc.core.JdbcTemplate - Executing prepared SQL update
2017-11-02 15:50:52.380 [main] DEBUG org.springframework.jdbc.core.JdbcTemplate - Executing prepared SQL statement [update user set password=? where id=?]
2017-11-02 15:50:52.384 [main] DEBUG org.springframework.jdbc.core.JdbcTemplate - SQL update affected 1 rows
2017-11-02 15:50:52.443 [main] INFO  com.sharewin.xhmz.XhmzTest - {"code":1,"msg":"操作成功！","obj":null}
2017-11-02 15:50:52.448 [Thread-5] INFO  o.s.context.support.GenericApplicationContext - Closing org.springframework.context.support.GenericApplicationContext@770c2e6b: startup date [Thu Nov 02 15:50:47 CST 2017]; root of context hierarchy
2017-11-02 16:47:24.174 [main] INFO  o.s.t.c.support.DefaultTestContextBootstrapper - Loaded default TestExecutionListener class names from location [META-INF/spring.factories]: [org.springframework.test.context.web.ServletTestExecutionListener, org.springframework.test.context.support.DirtiesContextBeforeModesTestExecutionListener, org.springframework.test.context.support.DependencyInjectionTestExecutionListener, org.springframework.test.context.support.DirtiesContextTestExecutionListener, org.springframework.test.context.transaction.TransactionalTestExecutionListener, org.springframework.test.context.jdbc.SqlScriptsTestExecutionListener]
2017-11-02 16:47:24.197 [main] INFO  o.s.t.c.support.DefaultTestContextBootstrapper - Using TestExecutionListeners: [org.springframework.test.context.web.ServletTestExecutionListener@33cb5951, org.springframework.test.context.support.DirtiesContextBeforeModesTestExecutionListener@365c30cc, org.springframework.test.context.support.DependencyInjectionTestExecutionListener@701fc37a, org.springframework.test.context.support.DirtiesContextTestExecutionListener@4148db48, org.springframework.test.context.transaction.TransactionalTestExecutionListener@282003e1, org.springframework.test.context.jdbc.SqlScriptsTestExecutionListener@7fad8c79]
2017-11-02 16:47:24.308 [main] INFO  o.s.beans.factory.xml.XmlBeanDefinitionReader - Loading XML bean definitions from class path resource [applicationContext.xml]
2017-11-02 16:47:25.014 [main] INFO  o.s.context.support.GenericApplicationContext - Refreshing org.springframework.context.support.GenericApplicationContext@770c2e6b: startup date [Thu Nov 02 16:47:25 CST 2017]; root of context hierarchy
2017-11-02 16:47:27.166 [main] INFO  org.hibernate.annotations.common.Version - HCANN000001: Hibernate Commons Annotations {4.0.2.Final}
2017-11-02 16:47:27.174 [main] INFO  org.hibernate.Version - HHH000412: Hibernate Core {4.2.14.Final}
2017-11-02 16:47:27.177 [main] INFO  org.hibernate.cfg.Environment - HHH000206: hibernate.properties not found
2017-11-02 16:47:27.180 [main] INFO  org.hibernate.cfg.Environment - HHH000021: Bytecode provider name : javassist
2017-11-02 16:47:27.804 [main] INFO  org.hibernate.dialect.Dialect - HHH000400: Using dialect: org.hibernate.dialect.MySQL5InnoDBDialect
2017-11-02 16:47:27.815 [main] INFO  o.hibernate.engine.jdbc.internal.LobCreatorBuilder - HHH000424: Disabling contextual LOB creation as createClob() method threw error : java.lang.reflect.InvocationTargetException
2017-11-02 16:47:28.065 [main] INFO  o.h.e.t.internal.TransactionFactoryInitiator - HHH000399: Using default transaction strategy (direct JDBC transactions)
2017-11-02 16:47:28.074 [main] INFO  o.h.hql.internal.ast.ASTQueryTranslatorFactory - HHH000397: Using ASTQueryTranslatorFactory
2017-11-02 16:47:28.076 [main] WARN  org.hibernate.cfg.SettingsFactory - Unrecognized value for "hibernate.hbm2ddl.auto": none
2017-11-02 16:47:28.144 [main] INFO  org.hibernate.validator.internal.util.Version - HV000001: Hibernate Validator 4.3.1.Final
2017-11-02 16:47:29.562 [main] INFO  com.sharewin.xhmz.XhmzTest - http://tgwx.share-win.net/dlfm/wx/login/oauth
2017-11-02 16:47:29.567 [Thread-5] INFO  o.s.context.support.GenericApplicationContext - Closing org.springframework.context.support.GenericApplicationContext@770c2e6b: startup date [Thu Nov 02 16:47:25 CST 2017]; root of context hierarchy
2017-11-02 16:48:13.044 [main] INFO  o.s.t.c.support.DefaultTestContextBootstrapper - Loaded default TestExecutionListener class names from location [META-INF/spring.factories]: [org.springframework.test.context.web.ServletTestExecutionListener, org.springframework.test.context.support.DirtiesContextBeforeModesTestExecutionListener, org.springframework.test.context.support.DependencyInjectionTestExecutionListener, org.springframework.test.context.support.DirtiesContextTestExecutionListener, org.springframework.test.context.transaction.TransactionalTestExecutionListener, org.springframework.test.context.jdbc.SqlScriptsTestExecutionListener]
2017-11-02 16:48:13.068 [main] INFO  o.s.t.c.support.DefaultTestContextBootstrapper - Using TestExecutionListeners: [org.springframework.test.context.web.ServletTestExecutionListener@33cb5951, org.springframework.test.context.support.DirtiesContextBeforeModesTestExecutionListener@365c30cc, org.springframework.test.context.support.DependencyInjectionTestExecutionListener@701fc37a, org.springframework.test.context.support.DirtiesContextTestExecutionListener@4148db48, org.springframework.test.context.transaction.TransactionalTestExecutionListener@282003e1, org.springframework.test.context.jdbc.SqlScriptsTestExecutionListener@7fad8c79]
2017-11-02 16:48:13.175 [main] INFO  o.s.beans.factory.xml.XmlBeanDefinitionReader - Loading XML bean definitions from class path resource [applicationContext.xml]
2017-11-02 16:48:14.270 [main] INFO  o.s.context.support.GenericApplicationContext - Refreshing org.springframework.context.support.GenericApplicationContext@770c2e6b: startup date [Thu Nov 02 16:48:14 CST 2017]; root of context hierarchy
2017-11-02 16:48:16.049 [main] INFO  org.hibernate.annotations.common.Version - HCANN000001: Hibernate Commons Annotations {4.0.2.Final}
2017-11-02 16:48:16.060 [main] INFO  org.hibernate.Version - HHH000412: Hibernate Core {4.2.14.Final}
2017-11-02 16:48:16.064 [main] INFO  org.hibernate.cfg.Environment - HHH000206: hibernate.properties not found
2017-11-02 16:48:16.067 [main] INFO  org.hibernate.cfg.Environment - HHH000021: Bytecode provider name : javassist
2017-11-02 16:48:16.672 [main] INFO  org.hibernate.dialect.Dialect - HHH000400: Using dialect: org.hibernate.dialect.MySQL5InnoDBDialect
2017-11-02 16:48:16.681 [main] INFO  o.hibernate.engine.jdbc.internal.LobCreatorBuilder - HHH000424: Disabling contextual LOB creation as createClob() method threw error : java.lang.reflect.InvocationTargetException
2017-11-02 16:48:16.940 [main] INFO  o.h.e.t.internal.TransactionFactoryInitiator - HHH000399: Using default transaction strategy (direct JDBC transactions)
2017-11-02 16:48:16.948 [main] INFO  o.h.hql.internal.ast.ASTQueryTranslatorFactory - HHH000397: Using ASTQueryTranslatorFactory
2017-11-02 16:48:16.950 [main] WARN  org.hibernate.cfg.SettingsFactory - Unrecognized value for "hibernate.hbm2ddl.auto": none
2017-11-02 16:48:17.018 [main] INFO  org.hibernate.validator.internal.util.Version - HV000001: Hibernate Validator 4.3.1.Final
2017-11-02 16:48:18.497 [main] INFO  com.sharewin.xhmz.XhmzTest - http%3A%2F%2Ftgwx.share-win.net%2Fdlfm%2Fwx%2Flogin%2Foauth
2017-11-02 16:48:18.501 [Thread-5] INFO  o.s.context.support.GenericApplicationContext - Closing org.springframework.context.support.GenericApplicationContext@770c2e6b: startup date [Thu Nov 02 16:48:14 CST 2017]; root of context hierarchy
